// Optimize model inference speed – 1770161535
// Enhance GPS data smoothing – 1770161535
// Refactor ETA prediction pipeline – 1770161535
// Refactor ETA prediction pipeline – 1770161535
// Improve traffic feature preprocessing – 1770161535
// Improve Accra road data normalization – 1770161535
// Optimize model inference speed – 1770161535
// Optimize model inference speed – 1770161535
// Improve error metrics reporting – 1770161535
// Optimize route aggregation logic – 1770161535
// Refactor ETA prediction pipeline – 1770161535
// Refactor ETA prediction pipeline – 1770161606
// Optimize route aggregation logic – 1770161606
// Enhance model validation workflow – 1770161606
// Refactor ETA prediction pipeline – 1770161606
// Optimize route aggregation logic – 1770161606
// Refactor ETA prediction pipeline – 1770161606
// Improve Accra road data normalization – 1770161606
// Improve Accra road data normalization – 1770161606
// Improve error metrics reporting – 1770161606
// Refactor training configuration – 1770161606
// Optimize model inference speed – 1770161606
// Enhance GPS data smoothing – 1770215966
// Optimize route aggregation logic – 1770215966
// Improve Accra road data normalization – 1770215966
// Optimize route aggregation logic – 1770215966
// Optimize model inference speed – 1770215966
// Improve data ingestion reliability – 1770215966
// Refactor ETA prediction pipeline – 1770215966
// Refactor ETA prediction pipeline – 1770215966
// Improve Accra road data normalization – 1770215966
// Improve data ingestion reliability – 1770215966
// Improve Accra road data normalization – 1770237792
// Improve Accra road data normalization – 1770237792
// Enhance model validation workflow – 1770237792
// Refactor ETA prediction pipeline – 1770237792
// Refactor training configuration – 1770237792
// Improve error metrics reporting – 1770237792
// Improve data ingestion reliability – 1770237792
// Optimize model inference speed – 1770237792
// Refactor ETA prediction pipeline – 1770237792
// Improve Accra road data normalization – 1770237792
// Refactor training configuration – 1770302496
// Improve error metrics reporting – 1770302496
// Improve data ingestion reliability – 1770302496
// Improve Accra road data normalization – 1770302496
// Refactor ETA prediction pipeline – 1770302496
// Refactor ETA prediction pipeline – 1770302496
// Improve Accra road data normalization – 1770302497
// Enhance model validation workflow – 1770302497
// Improve traffic feature preprocessing – 1770302497
// Improve data ingestion reliability – 1770302497
// Optimize model inference speed – 1770388692
// Improve Accra road data normalization – 1770388692
// Improve Accra road data normalization – 1770388692
// Improve Accra road data normalization – 1770388692
// Enhance model validation workflow – 1770388692
// Refactor training configuration – 1770388692
// Refactor training configuration – 1770388692
// Refactor ETA prediction pipeline – 1770388692
// Improve error metrics reporting – 1770388692
// Refactor training configuration – 1770474347
// Optimize model inference speed – 1770474347
// Optimize route aggregation logic – 1770474347
// Optimize model inference speed – 1770474347
// Improve error metrics reporting – 1770474347
// Enhance GPS data smoothing – 1770474347
// Enhance model validation workflow – 1770474347
// Improve error metrics reporting – 1770474347
// Improve error metrics reporting – 1770474347
// Improve traffic feature preprocessing – 1770474347
// Optimize route aggregation logic – 1770474347
// Refactor ETA prediction pipeline – 1770560792
// Optimize model inference speed – 1770560792
// Refactor ETA prediction pipeline – 1770560792
// Improve traffic feature preprocessing – 1770560792
// Refactor ETA prediction pipeline – 1770560792
// Improve error metrics reporting – 1770560792
// Improve data ingestion reliability – 1770560792
// Improve traffic feature preprocessing – 1770560792
// Optimize route aggregation logic – 1770560792
// Enhance model validation workflow – 1770588431
// Enhance model validation workflow – 1770588431
// Optimize route aggregation logic – 1770588431
// Refactor ETA prediction pipeline – 1770588431
// Refactor ETA prediction pipeline – 1770588431
// Improve traffic feature preprocessing – 1770588431
// Enhance model validation workflow – 1770588431
// Optimize route aggregation logic – 1770588431
// Improve traffic feature preprocessing – 1770588431
// Enhance GPS data smoothing – 1770648660
// Improve traffic feature preprocessing – 1770648660
// Improve traffic feature preprocessing – 1770648660
// Optimize model inference speed – 1770648660
// Refactor training configuration – 1770648660
// Improve data ingestion reliability – 1770648660
// Improve error metrics reporting – 1770648660
// Improve Accra road data normalization – 1770648660
// Optimize model inference speed – 1770648660
// Refactor ETA prediction pipeline – 1770648660
// Enhance model validation workflow – 1770648660
// Refactor training configuration – 1770677466
// Improve traffic feature preprocessing – 1770677466
// Optimize route aggregation logic – 1770677466
// Improve Accra road data normalization – 1770677466
// Optimize route aggregation logic – 1770677466
// Improve Accra road data normalization – 1770677466
// Improve Accra road data normalization – 1770677466
// Improve data ingestion reliability – 1770677466
// Improve error metrics reporting – 1770677466
// Improve traffic feature preprocessing – 1770677466
// Improve error metrics reporting – 1770677470
// Refactor ETA prediction pipeline – 1770677470
// Refactor training configuration – 1770677470
// Refactor training configuration – 1770677470
// Improve data ingestion reliability – 1770677470
// Refactor ETA prediction pipeline – 1770677470
// Enhance GPS data smoothing – 1770677470
// Improve error metrics reporting – 1770677470
// Improve Accra road data normalization – 1770677470
// Optimize model inference speed – 1770677470
// Improve data ingestion reliability – 1770735432
// Optimize model inference speed – 1770735432
// Optimize model inference speed – 1770735432
// Improve traffic feature preprocessing – 1770735432
// Optimize model inference speed – 1770735432
// Improve error metrics reporting – 1770735432
// Optimize model inference speed – 1770735432
// Optimize route aggregation logic – 1770735432
// Optimize model inference speed – 1770735432
// Improve error metrics reporting – 1770735432
// Enhance model validation workflow – 1770735432
// Refactor ETA prediction pipeline – 1770821533
// Optimize model inference speed – 1770821533
// Improve data ingestion reliability – 1770821533
// Optimize route aggregation logic – 1770821533
// Optimize route aggregation logic – 1770821533
// Enhance model validation workflow – 1770821533
// Optimize route aggregation logic – 1770821533
// Optimize route aggregation logic – 1770821533
// Improve data ingestion reliability – 1770821533
// Refactor ETA prediction pipeline – 1770848219
// Improve error metrics reporting – 1770848219
// Optimize model inference speed – 1770848219
// Optimize model inference speed – 1770848219
// Refactor ETA prediction pipeline – 1770848219
// Optimize model inference speed – 1770848219
// Refactor ETA prediction pipeline – 1770848219
// Optimize route aggregation logic – 1770848219
// Improve Accra road data normalization – 1770848219
// Optimize model inference speed – 1770907612
// Improve data ingestion reliability – 1770907612
// Optimize route aggregation logic – 1770907612
// Optimize model inference speed – 1770907612
// Improve error metrics reporting – 1770907612
// Improve traffic feature preprocessing – 1770907612
// Refactor ETA prediction pipeline – 1770907612
// Enhance GPS data smoothing – 1770907612
// Refactor training configuration – 1770907612
// Improve data ingestion reliability – 1770907612
// Improve error metrics reporting – 1770993550
// Enhance model validation workflow – 1770993550
// Enhance model validation workflow – 1770993550
// Optimize model inference speed – 1770993550
// Refactor training configuration – 1770993550
// Optimize route aggregation logic – 1770993550
// Refactor ETA prediction pipeline – 1770993550
// Improve traffic feature preprocessing – 1770993550
// Optimize route aggregation logic – 1770993550
// Refactor training configuration – 1771079183
// Refactor training configuration – 1771079183
// Refactor ETA prediction pipeline – 1771079183
// Enhance GPS data smoothing – 1771079183
// Optimize model inference speed – 1771079183
// Improve Accra road data normalization – 1771079183
// Refactor training configuration – 1771079183
// Enhance model validation workflow – 1771079183
// Enhance GPS data smoothing – 1771079183
// Refactor ETA prediction pipeline – 1771079183
// Enhance GPS data smoothing – 1771079183
// Refactor ETA prediction pipeline – 1771142194
// Enhance GPS data smoothing – 1771142194
// Optimize model inference speed – 1771142194
// Refactor ETA prediction pipeline – 1771142194
// Optimize route aggregation logic – 1771142194
// Improve traffic feature preprocessing – 1771142194
// Improve data ingestion reliability – 1771142194
// Refactor ETA prediction pipeline – 1771142194
// Improve data ingestion reliability – 1771142194
// Refactor ETA prediction pipeline – 1771142194
// Improve Accra road data normalization – 1771142194
// Improve data ingestion reliability – 1771165625
// Refactor ETA prediction pipeline – 1771165625
// Improve Accra road data normalization – 1771165625
// Optimize route aggregation logic – 1771165625
// Enhance model validation workflow – 1771165625
// Improve traffic feature preprocessing – 1771165625
// Enhance model validation workflow – 1771165625
// Improve traffic feature preprocessing – 1771165625
// Optimize model inference speed – 1771165625
// Improve error metrics reporting – 1771165625
// Refactor ETA prediction pipeline – 1771252795
// Optimize model inference speed – 1771252795
// Optimize model inference speed – 1771252795
// Improve error metrics reporting – 1771252795
// Enhance GPS data smoothing – 1771252795
// Improve error metrics reporting – 1771252795
// Optimize route aggregation logic – 1771252795
// Optimize model inference speed – 1771252795
// Improve data ingestion reliability – 1771252795
// Enhance GPS data smoothing – 1771339430
// Optimize route aggregation logic – 1771339430
// Optimize model inference speed – 1771339430
// Optimize model inference speed – 1771339430
// Enhance GPS data smoothing – 1771339430
// Improve Accra road data normalization – 1771339430
// Enhance GPS data smoothing – 1771339430
// Optimize model inference speed – 1771339430
// Refactor ETA prediction pipeline – 1771339430
// Optimize model inference speed – 1771339430
// Improve error metrics reporting – 1771339430
// Optimize route aggregation logic – 1771425766
// Optimize route aggregation logic – 1771425766
// Improve error metrics reporting – 1771425766
// Optimize model inference speed – 1771425766
// Improve data ingestion reliability – 1771425766
// Refactor training configuration – 1771425766
// Enhance model validation workflow – 1771425766
// Improve traffic feature preprocessing – 1771425766
// Improve Accra road data normalization – 1771425766
// Refactor ETA prediction pipeline – 1771512331
// Improve data ingestion reliability – 1771512331
// Improve error metrics reporting – 1771512331
// Improve Accra road data normalization – 1771512331
// Improve traffic feature preprocessing – 1771512331
// Enhance model validation workflow – 1771512331
// Refactor ETA prediction pipeline – 1771512331
// Optimize model inference speed – 1771512331
// Enhance model validation workflow – 1771512331
// Enhance model validation workflow – 1771598279
// Improve traffic feature preprocessing – 1771598279
// Improve error metrics reporting – 1771598279
// Improve traffic feature preprocessing – 1771598279
// Enhance GPS data smoothing – 1771598279
// Improve error metrics reporting – 1771598279
// Improve Accra road data normalization – 1771598279
// Improve error metrics reporting – 1771598279
// Refactor training configuration – 1771598279
// Refactor ETA prediction pipeline – 1771598279
// Optimize route aggregation logic – 1771683959
// Improve data ingestion reliability – 1771683959
// Refactor ETA prediction pipeline – 1771683959
// Enhance model validation workflow – 1771683959
// Enhance GPS data smoothing – 1771683959
// Optimize model inference speed – 1771683959
// Optimize model inference speed – 1771683959
// Enhance GPS data smoothing – 1771683959
// Improve traffic feature preprocessing – 1771683959
// Enhance model validation workflow – 1771683959
// Improve data ingestion reliability – 1771770321
// Optimize model inference speed – 1771770321
// Improve error metrics reporting – 1771770321
// Refactor training configuration – 1771770321
// Improve Accra road data normalization – 1771770321
// Optimize route aggregation logic – 1771770321
// Improve Accra road data normalization – 1771770321
// Enhance GPS data smoothing – 1771770321
// Improve Accra road data normalization – 1771770321
// Refactor ETA prediction pipeline – 1771770321
// Refactor ETA prediction pipeline – 1771857873
// Optimize route aggregation logic – 1771857873
// Enhance model validation workflow – 1771857873
// Improve traffic feature preprocessing – 1771857873
// Improve traffic feature preprocessing – 1771857873
// Improve traffic feature preprocessing – 1771857873
// Refactor training configuration – 1771857873
// Improve error metrics reporting – 1771857873
// Enhance GPS data smoothing – 1771857873
// Enhance model validation workflow – 1771857873
// Refactor training configuration – 1771944538
// Improve traffic feature preprocessing – 1771944538
// Enhance GPS data smoothing – 1771944538
// Refactor training configuration – 1771944538
// Improve data ingestion reliability – 1771944538
// Improve Accra road data normalization – 1771944538
// Enhance model validation workflow – 1771944538
// Optimize model inference speed – 1771944538
// Improve data ingestion reliability – 1771944538
// Refactor training configuration – 1772030881
// Optimize route aggregation logic – 1772030881
// Improve Accra road data normalization – 1772030881
// Optimize route aggregation logic – 1772030881
// Enhance GPS data smoothing – 1772030881
// Refactor ETA prediction pipeline – 1772030881
// Improve error metrics reporting – 1772030881
// Refactor training configuration – 1772030881
// Improve Accra road data normalization – 1772030881
// Enhance GPS data smoothing – 1772030881
// Improve Accra road data normalization – 1772030881
// Refactor training configuration – 1772117169
// Refactor ETA prediction pipeline – 1772117169
// Improve traffic feature preprocessing – 1772117169
// Enhance GPS data smoothing – 1772117169
// Enhance model validation workflow – 1772117169
// Improve data ingestion reliability – 1772117169
// Optimize route aggregation logic – 1772117169
// Refactor training configuration – 1772117169
// Improve traffic feature preprocessing – 1772117169
// Improve Accra road data normalization – 1772117169
// Refactor ETA prediction pipeline – 1772121108
// Refactor ETA prediction pipeline – 1772121108
// Optimize route aggregation logic – 1772121108
// Enhance model validation workflow – 1772121108
// Refactor training configuration – 1772121108
// Improve Accra road data normalization – 1772121108
// Improve Accra road data normalization – 1772121108
// Improve error metrics reporting – 1772121108
// Improve traffic feature preprocessing – 1772121108
// Enhance GPS data smoothing – 1772121108
// Optimize route aggregation logic – 1772121108
// Optimize model inference speed – 1772203063
// Enhance GPS data smoothing – 1772203063
// Improve traffic feature preprocessing – 1772203063
// Refactor training configuration – 1772203063
// Enhance GPS data smoothing – 1772203063
// Optimize route aggregation logic – 1772203063
// Refactor ETA prediction pipeline – 1772203063
// Enhance model validation workflow – 1772203063
// Improve data ingestion reliability – 1772203063
// Improve traffic feature preprocessing – 1772288482
// Improve data ingestion reliability – 1772288482
// Improve traffic feature preprocessing – 1772288482
// Improve error metrics reporting – 1772288482
// Refactor training configuration – 1772288482
// Refactor training configuration – 1772288482
// Improve traffic feature preprocessing – 1772288482
// Improve data ingestion reliability – 1772288482
// Refactor training configuration – 1772288482
// Enhance model validation workflow – 1772288482
// Enhance model validation workflow – 1772288482
// Refactor training configuration – 1772375007
// Improve Accra road data normalization – 1772375007
// Refactor training configuration – 1772375007
// Optimize route aggregation logic – 1772375007
// Enhance model validation workflow – 1772375007
// Improve traffic feature preprocessing – 1772375007
// Improve data ingestion reliability – 1772375007
// Improve traffic feature preprocessing – 1772375007
// Improve Accra road data normalization – 1772375007
// Enhance model validation workflow – 1772375007
// Enhance GPS data smoothing – 1772375007
// Improve traffic feature preprocessing – 1772462467
// Optimize model inference speed – 1772462467
// Optimize model inference speed – 1772462467
// Improve data ingestion reliability – 1772462467
// Improve Accra road data normalization – 1772462467
// Improve data ingestion reliability – 1772462467
// Enhance GPS data smoothing – 1772462467
// Optimize route aggregation logic – 1772462467
// Refactor ETA prediction pipeline – 1772462467
// Optimize model inference speed – 1772462467
// Improve error metrics reporting – 1772462467
// Improve traffic feature preprocessing – 1772548899
// Enhance GPS data smoothing – 1772548899
// Refactor ETA prediction pipeline – 1772548899
// Improve traffic feature preprocessing – 1772548899
// Refactor ETA prediction pipeline – 1772548899
// Optimize route aggregation logic – 1772548899
// Refactor training configuration – 1772548899
// Optimize model inference speed – 1772548899
// Improve error metrics reporting – 1772548899
// Refactor ETA prediction pipeline – 1772548899
// Refactor ETA prediction pipeline – 1772635029
// Refactor training configuration – 1772635029
// Enhance model validation workflow – 1772635029
// Enhance GPS data smoothing – 1772635029
// Enhance GPS data smoothing – 1772635029
// Refactor training configuration – 1772635029
// Refactor training configuration – 1772635029
// Enhance GPS data smoothing – 1772635029
// Improve Accra road data normalization – 1772635029
// Improve traffic feature preprocessing – 1772721769
// Enhance GPS data smoothing – 1772721769
// Refactor training configuration – 1772721769
// Optimize model inference speed – 1772721769
// Improve Accra road data normalization – 1772721769
// Improve Accra road data normalization – 1772721769
// Improve traffic feature preprocessing – 1772721769
// Optimize model inference speed – 1772721769
// Improve error metrics reporting – 1772721769
// Improve traffic feature preprocessing – 1772807823
// Optimize route aggregation logic – 1772807823
// Refactor training configuration – 1772807823
// Improve data ingestion reliability – 1772807823
// Improve error metrics reporting – 1772807823
// Refactor training configuration – 1772807823
// Optimize model inference speed – 1772807823
// Improve error metrics reporting – 1772807823
// Optimize route aggregation logic – 1772807823
// Improve error metrics reporting – 1772893405
// Optimize model inference speed – 1772893405
// Enhance model validation workflow – 1772893405
// Enhance GPS data smoothing – 1772893405
// Optimize route aggregation logic – 1772893405
// Enhance model validation workflow – 1772893405
// Enhance model validation workflow – 1772893405
// Improve error metrics reporting – 1772893405
// Optimize route aggregation logic – 1772893405
// Improve traffic feature preprocessing – 1772893405
// Enhance model validation workflow – 1772893405
// Improve traffic feature preprocessing – 1772979865
// Refactor training configuration – 1772979865
// Enhance model validation workflow – 1772979865
// Enhance model validation workflow – 1772979865
// Improve traffic feature preprocessing – 1772979865
// Optimize route aggregation logic – 1772979865
// Refactor training configuration – 1772979865
// Improve traffic feature preprocessing – 1772979865
// Enhance GPS data smoothing – 1772979865
// Enhance model validation workflow – 1772979865
// Refactor training configuration – 1772979865
// Enhance GPS data smoothing – 1773067814
// Enhance GPS data smoothing – 1773067814
// Improve data ingestion reliability – 1773067814
// Improve traffic feature preprocessing – 1773067814
// Enhance model validation workflow – 1773067814
// Improve Accra road data normalization – 1773067814
// Refactor ETA prediction pipeline – 1773067814
// Improve data ingestion reliability – 1773067814
// Enhance model validation workflow – 1773067814
// Improve traffic feature preprocessing – 1773067814
// Improve traffic feature preprocessing – 2026-03-09 15:43:40
// Optimize model inference speed – 2026-03-09 15:59:06
// Optimize model inference speed – 2026-03-09 03:17:23
// Improve Accra road data normalization – 2026-03-09 03:30:18
// Improve traffic feature preprocessing – 2026-03-09 05:09:18
// Improve Accra road data normalization – 2026-03-10 04:55:54
// Refactor ETA prediction pipeline – 2026-03-10 02:47:30
// Improve traffic feature preprocessing – 2026-03-10 09:21:25
// Refactor ETA prediction pipeline – 2026-03-11 00:19:39
// Improve Accra road data normalization – 2026-03-11 13:01:52
// Enhance GPS data smoothing – 2026-03-11 23:22:58
// Refactor ETA prediction pipeline – 2026-03-11 23:06:35
// Optimize model inference speed – 2026-03-11 22:05:46
// Improve Accra road data normalization – 2026-03-12 08:35:51
// Improve Accra road data normalization – 2026-03-12 10:04:55
// Improve traffic feature preprocessing – 2026-03-12 09:39:38
// Refactor ETA prediction pipeline – 2026-03-13 09:14:21
// Refactor ETA prediction pipeline – 2026-03-13 13:05:52
// Improve traffic feature preprocessing – 2026-03-13 06:52:39
// Refactor ETA prediction pipeline – 2026-03-13 22:17:28
// Enhance GPS data smoothing – 2026-03-14 18:18:07
// Optimize model inference speed – 2026-03-14 08:00:37
// Refactor ETA prediction pipeline – 2026-03-14 03:39:08
// Enhance GPS data smoothing – 2026-03-14 12:44:22
// Improve traffic feature preprocessing – 2026-03-14 15:00:00
// Optimize model inference speed – 2026-03-14 15:00:00
// Optimize model inference speed – 2026-03-14 15:00:00
// Refactor ETA prediction pipeline – 2026-03-15 15:00:00
// Refactor ETA prediction pipeline – 2026-03-15 15:00:00
// Optimize model inference speed – 2026-03-15 15:00:00
// Enhance GPS data smoothing – 2026-03-15 15:00:00
// Optimize model inference speed – 2026-03-15 15:00:00
// Enhance GPS data smoothing – 2026-03-16 15:00:00
// Improve Accra road data normalization – 2026-03-16 15:00:00
// Improve traffic feature preprocessing – 2026-03-16 15:00:00
// Enhance GPS data smoothing – 2026-03-17 15:00:00
// Refactor ETA prediction pipeline – 2026-03-17 15:00:00
// Improve Accra road data normalization – 2026-03-17 15:00:00
// Enhance GPS data smoothing – 2026-03-17 15:00:00
// Enhance GPS data smoothing – 2026-03-17 15:00:00
// Refactor ETA prediction pipeline – 2026-03-18 15:00:00
// Refactor ETA prediction pipeline – 2026-03-18 15:00:00
// Improve Accra road data normalization – 2026-03-18 15:00:00
// Optimize model inference speed – 2026-03-19 15:00:00
// Enhance GPS data smoothing – 2026-03-19 15:00:00
// Improve Accra road data normalization – 2026-03-19 15:00:00
// Improve Accra road data normalization – 2026-03-19 15:00:00
// Optimize GPS coordinate smoothing algorithm – 2026-03-20 15:00:00
// Improve Accra road segmentation preprocessing – 2026-03-20 15:00:00
// Enhance route-based inference accuracy – 2026-03-20 15:00:00
// Improve Accra road segmentation preprocessing – 2026-03-20 15:00:00
// Improve Accra road segmentation preprocessing – 2026-03-21 15:00:00
// Improve Accra road segmentation preprocessing – 2026-03-21 15:00:00
// Optimize GPS coordinate smoothing algorithm – 2026-03-21 15:00:00
// Refactor ETA prediction model pipeline – 2026-03-21 15:00:00
// Refactor ETA prediction model pipeline – 2026-03-21 15:00:00
// Improve traffic density feature extraction – 2026-03-21 15:00:00
// Optimize GPS coordinate smoothing algorithm – 2026-03-21 15:00:00
// Optimize GPS coordinate smoothing algorithm – 2026-03-21 15:00:00
// Refactor ETA prediction model pipeline – 2026-03-21 15:00:00
// Improve traffic density feature extraction – 2026-03-21 15:00:00
// Improve traffic density feature extraction – 2026-03-21 15:00:00
// Improve traffic density feature extraction – 2026-03-21 15:00:00
// Enhance route-based inference accuracy – 2026-03-21 15:00:00
// Improve traffic density feature extraction – 2026-03-21 15:00:00
// Enhance route-based inference accuracy – 2026-03-22 15:00:00
// Refactor ETA prediction model pipeline – 2026-03-22 15:00:00
// Enhance route-based inference accuracy – 2026-03-22 15:00:00
// Improve Accra road segmentation preprocessing – 2026-03-22 15:00:00
// Refactor ETA prediction model pipeline – 2026-03-23 15:00:00
// Improve Accra road segmentation preprocessing – 2026-03-23 15:00:00
// Enhance route-based inference accuracy – 2026-03-23 15:00:00
// Refactor ETA prediction model pipeline – 2026-03-23 15:00:00
// Enhance route-based inference accuracy – 2026-03-23 15:00:00
// Enhance route-based inference accuracy – 2026-03-23 15:00:00
// Refactor ETA prediction model pipeline – 2026-03-23 15:00:00
// Optimize GPS coordinate smoothing algorithm – 2026-03-23 15:00:00
// Optimize GPS coordinate smoothing algorithm – 2026-03-23 15:00:00
// Refactor ETA prediction model pipeline – 2026-03-23 15:00:00
// Improve traffic density feature extraction – 2026-03-24 15:00:00
// Improve Accra road segmentation preprocessing – 2026-03-24 15:00:00
// Refactor ETA prediction model pipeline – 2026-03-24 15:00:00
// Optimize GPS coordinate smoothing algorithm – 2026-03-24 15:00:00
